Using pre-set license
Built from '2020.2/release' branch; Version is '2020.2.1f1 (270dd8c3da1c) revision 2559448'; Using compiler version '192528614'; Build Type 'Release'
OS: 'Windows 10  (10.0.0) 64bit' Language: 'ko' Physical Memory: 15697 MB
BatchMode: 1, IsHumanControllingUs: 0, StartBugReporterOnCrash: 0, Is64bit: 1, IsPro: 0

 COMMAND LINE ARGUMENTS:
C:\Program Files\Unity\Hub\Editor\2020.2.1f1\Editor\Unity.exe
-adb2
-batchMode
-noUpm
-name
AssetImportWorker0
-projectPath
C:/Users/cornc/Desktop/Unity/ZB-Island
-logFile
Logs/AssetImportWorker0.log
-srvPort
12892
Successfully changed project path to: C:/Users/cornc/Desktop/Unity/ZB-Island
C:/Users/cornc/Desktop/Unity/ZB-Island
Using Asset Import Pipeline V2.
Refreshing native plugins compatible for Editor in 101.24 ms, found 0 plugins.
Preloading 0 native plugins for Editor in 0.00 ms.
Initialize engine version: 2020.2.1f1 (270dd8c3da1c)
[Subsystems] Discovering subsystems at path C:/Program Files/Unity/Hub/Editor/2020.2.1f1/Editor/Data/Resources/UnitySubsystems
[Subsystems] Discovering subsystems at path C:/Users/cornc/Desktop/Unity/ZB-Island/Assets
GfxDevice: creating device client; threaded=0
Direct3D:
    Version:  Direct3D 11.0 [level 11.1]
    Renderer: AMD Radeon(TM) Graphics (ID=0x1636)
    Vendor:   
    VRAM:     7848 MB
    Driver:   27.20.12029.1000
Initialize mono
Mono path[0] = 'C:/Program Files/Unity/Hub/Editor/2020.2.1f1/Editor/Data/Managed'
Mono path[1] = 'C:/Program Files/Unity/Hub/Editor/2020.2.1f1/Editor/Data/MonoBleedingEdge/lib/mono/unityjit'
Mono config path = 'C:/Program Files/Unity/Hub/Editor/2020.2.1f1/Editor/Data/MonoBleedingEdge/etc'
Using monoOptions --debugger-agent=transport=dt_socket,embedding=1,server=y,suspend=n,address=127.0.0.1:56788
Begin MonoManager ReloadAssembly
Registering precompiled unity dll's ...
Register platform support module: C:/Program Files/Unity/Hub/Editor/2020.2.1f1/Editor/Data/PlaybackEngines/WindowsStandaloneSupport/UnityEditor.WindowsStandalone.Extensions.dll
Registered in 0.002024 seconds.
Native extension for WindowsStandalone target not found
Refreshing native plugins compatible for Editor in 80.07 ms, found 0 plugins.
Preloading 0 native plugins for Editor in 0.00 ms.
Invoked RoslynAnalysisRunner static constructor.
RoslynAnalysisRunner will not be running.
RoslynAnalysisRunner has terminated.
Mono: successfully reloaded assembly
- Completed reload, in  2.182 seconds
Platform modules already initialized, skipping
Registering precompiled user dll's ...
Registered in 0.005586 seconds.
Begin MonoManager ReloadAssembly
Native extension for WindowsStandalone target not found
Refreshing native plugins compatible for Editor in 0.95 ms, found 0 plugins.
Preloading 0 native plugins for Editor in 0.00 ms.
Invoked RoslynAnalysisRunner static constructor.
RoslynAnalysisRunner will not be running.
RoslynAnalysisRunner has terminated.
Mono: successfully reloaded assembly
- Completed reload, in  1.018 seconds
Platform modules already initialized, skipping
========================================================================
Worker process is ready to serve import requests
Launched and connected shader compiler UnityShaderCompiler.exe after 0.04 seconds
Refreshing native plugins compatible for Editor in 0.92 ms, found 0 plugins.
Preloading 0 native plugins for Editor in 0.00 ms.
Unloading 1275 Unused Serialized files (Serialized files now loaded: 0)
System memory in use before: 139.4 MB.
System memory in use after: 139.5 MB.

Unloading 16 unused Assets to reduce memory usage. Loaded Objects now: 1730.
Total: 1.938600 ms (FindLiveObjects: 0.234300 ms CreateObjectMapping: 0.056700 ms MarkObjects: 1.575400 ms  DeleteObjects: 0.070200 ms)

========================================================================
Received Import Request.
  path: Assets/Scripts/Aim.cs
  artifactKey: Guid(b2e8e71725e01a64fa30cf88825a5208) Importer(815301076,1909f56bfc062723c751e8b465ee728b)
Start importing Assets/Scripts/Aim.cs using Guid(b2e8e71725e01a64fa30cf88825a5208) Importer(815301076,1909f56bfc062723c751e8b465ee728b)  -> (artifact id: '1743ac8e447492a41e1b5160409d73a7') in 0.031271 seconds
  Import took 0.035328 seconds .

========================================================================
Received Prepare
Refreshing native plugins compatible for Editor in 4.78 ms, found 0 plugins.
Preloading 0 native plugins for Editor in 0.00 ms.
Unloading 8 Unused Serialized files (Serialized files now loaded: 0)
System memory in use before: 114.3 MB.
System memory in use after: 114.4 MB.

Unloading 8 unused Assets to reduce memory usage. Loaded Objects now: 1730.
Total: 2.742400 ms (FindLiveObjects: 0.265500 ms CreateObjectMapping: 0.069100 ms MarkObjects: 2.303400 ms  DeleteObjects: 0.102300 ms)

========================================================================
Received Import Request.
  Time since last request: 14.145792 seconds.
  path: Assets/Scripts/Aim.cs
  artifactKey: Guid(b2e8e71725e01a64fa30cf88825a5208) Importer(815301076,1909f56bfc062723c751e8b465ee728b)
Start importing Assets/Scripts/Aim.cs using Guid(b2e8e71725e01a64fa30cf88825a5208) Importer(815301076,1909f56bfc062723c751e8b465ee728b)  -> (artifact id: 'af992e2c6de483435a0a86b544458baa') in 0.006960 seconds
  Import took 0.011533 seconds .

========================================================================
Received Import Request.
  Time since last request: 13.239834 seconds.
  path: Assets/Scripts/Aim.cs
  artifactKey: Guid(b2e8e71725e01a64fa30cf88825a5208) Importer(815301076,1909f56bfc062723c751e8b465ee728b)
Start importing Assets/Scripts/Aim.cs using Guid(b2e8e71725e01a64fa30cf88825a5208) Importer(815301076,1909f56bfc062723c751e8b465ee728b)  -> (artifact id: '737c30385d8ef552c1f73cedc35e1b1c') in 0.004861 seconds
  Import took 0.007959 seconds .

========================================================================
Received Prepare
Registering precompiled user dll's ...
Registered in 0.006465 seconds.
Begin MonoManager ReloadAssembly
Native extension for WindowsStandalone target not found
Refreshing native plugins compatible for Editor in 1.52 ms, found 0 plugins.
Preloading 0 native plugins for Editor in 0.00 ms.
Invoked RoslynAnalysisRunner static constructor.
RoslynAnalysisRunner will not be running.
RoslynAnalysisRunner has terminated.
Mono: successfully reloaded assembly
- Completed reload, in  1.439 seconds
Platform modules already initialized, skipping
Refreshing native plugins compatible for Editor in 1.67 ms, found 0 plugins.
Preloading 0 native plugins for Editor in 0.00 ms.
Unloading 1269 Unused Serialized files (Serialized files now loaded: 0)
System memory in use before: 139.4 MB.
System memory in use after: 139.5 MB.

Unloading 11 unused Assets to reduce memory usage. Loaded Objects now: 1733.
Total: 3.361400 ms (FindLiveObjects: 0.275600 ms CreateObjectMapping: 0.090400 ms MarkObjects: 2.907500 ms  DeleteObjects: 0.086200 ms)

========================================================================
Received Prepare
Registering precompiled user dll's ...
Registered in 0.006371 seconds.
Begin MonoManager ReloadAssembly
Native extension for WindowsStandalone target not found
Refreshing native plugins compatible for Editor in 1.57 ms, found 0 plugins.
Preloading 0 native plugins for Editor in 0.00 ms.
Invoked RoslynAnalysisRunner static constructor.
RoslynAnalysisRunner will not be running.
RoslynAnalysisRunner has terminated.
Mono: successfully reloaded assembly
- Completed reload, in  1.471 seconds
Platform modules already initialized, skipping
Refreshing native plugins compatible for Editor in 1.33 ms, found 0 plugins.
Preloading 0 native plugins for Editor in 0.00 ms.
Unloading 1269 Unused Serialized files (Serialized files now loaded: 0)
System memory in use before: 139.8 MB.
System memory in use after: 139.9 MB.

Unloading 11 unused Assets to reduce memory usage. Loaded Objects now: 1735.
Total: 2.797600 ms (FindLiveObjects: 0.216200 ms CreateObjectMapping: 0.056300 ms MarkObjects: 2.440900 ms  DeleteObjects: 0.082200 ms)

========================================================================
Received Import Request.
  Time since last request: 45.996177 seconds.
  path: Assets/Scripts/Aim.cs
  artifactKey: Guid(b2e8e71725e01a64fa30cf88825a5208) Importer(815301076,1909f56bfc062723c751e8b465ee728b)
Start importing Assets/Scripts/Aim.cs using Guid(b2e8e71725e01a64fa30cf88825a5208) Importer(815301076,1909f56bfc062723c751e8b465ee728b)  -> (artifact id: 'a069bd60a1c53e70279d7330795cdd96') in 0.016063 seconds
  Import took 0.020949 seconds .

========================================================================
Received Prepare
Registering precompiled user dll's ...
Registered in 0.007385 seconds.
Begin MonoManager ReloadAssembly
Native extension for WindowsStandalone target not found
Refreshing native plugins compatible for Editor in 1.58 ms, found 0 plugins.
Preloading 0 native plugins for Editor in 0.00 ms.
Invoked RoslynAnalysisRunner static constructor.
RoslynAnalysisRunner will not be running.
RoslynAnalysisRunner has terminated.
Mono: successfully reloaded assembly
- Completed reload, in  1.490 seconds
Platform modules already initialized, skipping
Refreshing native plugins compatible for Editor in 1.77 ms, found 0 plugins.
Preloading 0 native plugins for Editor in 0.00 ms.
Unloading 1269 Unused Serialized files (Serialized files now loaded: 0)
System memory in use before: 140.0 MB.
System memory in use after: 140.1 MB.

Unloading 11 unused Assets to reduce memory usage. Loaded Objects now: 1737.
Total: 3.443700 ms (FindLiveObjects: 0.292500 ms CreateObjectMapping: 0.062600 ms MarkObjects: 3.033500 ms  DeleteObjects: 0.053200 ms)

========================================================================
Received Prepare
Registering precompiled user dll's ...
Registered in 0.005926 seconds.
Begin MonoManager ReloadAssembly
Native extension for WindowsStandalone target not found
Refreshing native plugins compatible for Editor in 1.14 ms, found 0 plugins.
Preloading 0 native plugins for Editor in 0.00 ms.
Invoked RoslynAnalysisRunner static constructor.
RoslynAnalysisRunner will not be running.
RoslynAnalysisRunner has terminated.
Mono: successfully reloaded assembly
- Completed reload, in  1.071 seconds
Platform modules already initialized, skipping
Refreshing native plugins compatible for Editor in 1.35 ms, found 0 plugins.
Preloading 0 native plugins for Editor in 0.00 ms.
Unloading 1269 Unused Serialized files (Serialized files now loaded: 0)
System memory in use before: 140.3 MB.
System memory in use after: 140.4 MB.

Unloading 11 unused Assets to reduce memory usage. Loaded Objects now: 1739.
Total: 3.210500 ms (FindLiveObjects: 0.368800 ms CreateObjectMapping: 0.033400 ms MarkObjects: 2.740300 ms  DeleteObjects: 0.065800 ms)

========================================================================
Received Import Request.
  Time since last request: 101.131097 seconds.
  path: Assets/Scripts/Aim.cs
  artifactKey: Guid(b2e8e71725e01a64fa30cf88825a5208) Importer(815301076,1909f56bfc062723c751e8b465ee728b)
Start importing Assets/Scripts/Aim.cs using Guid(b2e8e71725e01a64fa30cf88825a5208) Importer(815301076,1909f56bfc062723c751e8b465ee728b)  -> (artifact id: 'f4d6252b1708146430202f1108eb9fce') in 0.011469 seconds
  Import took 0.023910 seconds .

========================================================================
Received Prepare
Registering precompiled user dll's ...
Registered in 0.008536 seconds.
Begin MonoManager ReloadAssembly
Native extension for WindowsStandalone target not found
Refreshing native plugins compatible for Editor in 1.65 ms, found 0 plugins.
Preloading 0 native plugins for Editor in 0.00 ms.
Invoked RoslynAnalysisRunner static constructor.
RoslynAnalysisRunner will not be running.
RoslynAnalysisRunner has terminated.
Mono: successfully reloaded assembly
- Completed reload, in  1.597 seconds
Platform modules already initialized, skipping
Refreshing native plugins compatible for Editor in 1.62 ms, found 0 plugins.
Preloading 0 native plugins for Editor in 0.00 ms.
Unloading 1269 Unused Serialized files (Serialized files now loaded: 0)
System memory in use before: 140.5 MB.
System memory in use after: 140.6 MB.

Unloading 11 unused Assets to reduce memory usage. Loaded Objects now: 1741.
Total: 3.505100 ms (FindLiveObjects: 0.309800 ms CreateObjectMapping: 0.071200 ms MarkObjects: 3.030800 ms  DeleteObjects: 0.090300 ms)

AssetImportWorkerClient::OnTransportError - code=2 error=End of file
